android/D3ExtClient/app/build/intermediates/manifest_merge_blame_file/debug/manifest-merger-blame-debug-report.txt
1<?xml version="1.0" encoding="utf-8"?>
2<manifest xmlns:android="http://schemas.android.com/apk/res/android"
3    package="ru.miacomsoft.d3extclient"
4    android:versionCode="1"
5    android:versionName="1.0" >
6
7    <uses-sdk
8        android:minSdkVersion="16"
8-->src\main\AndroidManifest.xml
9        android:targetSdkVersion="30" />
9-->src\main\AndroidManifest.xml
10
11    <!-- Определить состояние подключения к интернету -->
12    <uses-permission android:name="android.permission.ACCESS_NETWORK_STATE" />
12-->src\main\AndroidManifest.xml:7:5-79
12-->src\main\AndroidManifest.xml:7:22-76
13    <uses-permission android:name="android.permission.READ_EXTERNAL_STORAGE" />
13-->src\main\AndroidManifest.xml:9:5-79
13-->src\main\AndroidManifest.xml:9:22-77
14    <uses-permission android:name="android.permission.WRITE_EXTERNAL_STORAGE" />
14-->src\main\AndroidManifest.xml:10:5-80
14-->src\main\AndroidManifest.xml:10:22-78
15
16    <!-- Отключить спящий режим при включенной программе -->
17    <uses-permission android:name="android.permission.WAKE_LOCK" />
17-->src\main\AndroidManifest.xml:13:5-67
17-->src\main\AndroidManifest.xml:13:22-65
18    <!-- Работа с сетью -->
19    <uses-permission android:name="android.permission.INTERNET" />
19-->src\main\AndroidManifest.xml:15:5-66
19-->src\main\AndroidManifest.xml:15:22-64
20    <uses-permission android:name="android.permission.ACCESS_WIFI_STATE" />
20-->src\main\AndroidManifest.xml:16:5-75
20-->src\main\AndroidManifest.xml:16:22-73
21    <!-- Запуск при перезагрузки -->
22    <uses-permission android:name="android.permission.RECEIVE_BOOT_COMPLETED" />
22-->src\main\AndroidManifest.xml:18:5-80
22-->src\main\AndroidManifest.xml:18:22-78
23    <!-- работа с внешней памятью -->
24    <uses-permission android:name="android.permission.WRITE_EXTERNAL_STORAGE" />
24-->src\main\AndroidManifest.xml:10:5-80
24-->src\main\AndroidManifest.xml:10:22-78
25    <!-- uses-permission android:name="android.permission.WRITE_SETTINGS"/ -->
26    <!-- Чтение настроек телефона -->
27    <uses-permission android:name="android.permission.READ_PHONE_STATE" />
27-->src\main\AndroidManifest.xml:23:5-74
27-->src\main\AndroidManifest.xml:23:22-72
28
29    <application
29-->src\main\AndroidManifest.xml:26:5-45:19
30        android:allowBackup="true"
30-->src\main\AndroidManifest.xml:27:9-35
31        android:appComponentFactory="androidx.core.app.CoreComponentFactory"
31-->[androidx.core:core:1.5.0] AndroidManifest.xml:24:18-86
32        android:debuggable="true"
33        android:icon="@mipmap/ic_launcher"
33-->src\main\AndroidManifest.xml:28:9-43
34        android:label="@string/app_name"
34-->src\main\AndroidManifest.xml:29:9-41
35        android:roundIcon="@mipmap/ic_launcher_round"
35-->src\main\AndroidManifest.xml:30:9-54
36        android:supportsRtl="true"
36-->src\main\AndroidManifest.xml:31:9-35
37        android:testOnly="true"
38        android:theme="@style/Theme.D3ExtClient"
38-->src\main\AndroidManifest.xml:32:9-49
39        android:usesCleartextTraffic="true" >
39-->src\main\AndroidManifest.xml:33:9-44
40        <activity
40-->src\main\AndroidManifest.xml:36:9-44:20
41            android:name="ru.miacomsoft.d3extclient.MainActivity"
41-->src\main\AndroidManifest.xml:37:13-41
42            android:exported="true" >
42-->src\main\AndroidManifest.xml:38:13-36
43            <intent-filter>
43-->src\main\AndroidManifest.xml:39:13-43:29
44                <action android:name="android.intent.action.MAIN" />
44-->src\main\AndroidManifest.xml:40:17-69
44-->src\main\AndroidManifest.xml:40:25-66
45
46                <category android:name="android.intent.category.LAUNCHER" />
46-->src\main\AndroidManifest.xml:42:17-77
46-->src\main\AndroidManifest.xml:42:27-74
47            </intent-filter>
48        </activity>
49    </application>
50
51</manifest>